<?xml version="1.0" encoding="UTF-8"?>
<!-- Generated by org.testng.reporters.JUnitXMLReporter -->
<testsuite hostname="LAPTOP-IE9OQOHI" name="Default test(failed)" tests="1" failures="1" timestamp="17 Dec 2021 12:00:00 GMT" time="0.026" errors="0">
  <testcase name="tc333" time="0.01" classname="org.test.ExampleOne">
    <failure type="java.lang.AssertionError" message="expected [true] but found [false]">
      <![CDATA[java.lang.AssertionError: expected [true] but found [false]
	at org.test.ExampleOne.tc333(ExampleOne.java:20)
... Removed 28 stack frames]]>
    </failure>
  </testcase> <!-- tc333 -->
</testsuite> <!-- Default test(failed) -->
