<?xml version="1.0" encoding="UTF-8"?>
<!-- Generated by org.testng.reporters.JUnitXMLReporter -->
<testsuite hostname="LAPTOP-IE9OQOHI" name="Test3" tests="4" failures="0" timestamp="16 Dec 2021 12:23:00 GMT" time="0.01" errors="0">
  <testcase name="test11" time="0.002" classname="org.test.ExampleTwo"/>
  <testcase name="test22" time="0.002" classname="org.test.ExampleTwo"/>
  <testcase name="test33" time="0.0" classname="org.test.ExampleTwo"/>
  <testcase name="test44" time="0.002" classname="org.test.ExampleTwo"/>
</testsuite> <!-- Test3 -->
