<?xml version="1.0" encoding="UTF-8"?>
<!-- Generated by org.testng.reporters.JUnitXMLReporter -->
<testsuite hostname="LAPTOP-IE9OQOHI" name="Test2" tests="5" failures="0" timestamp="16 Dec 2021 12:23:00 GMT" time="0.016" errors="0">
  <testcase name="tc1" time="0.003" classname="org.test.Example"/>
  <testcase name="tc2" time="0.002" classname="org.test.Example"/>
  <testcase name="tc3" time="0.001" classname="org.test.Example"/>
  <testcase name="tc4" time="0.001" classname="org.test.Example"/>
  <testcase name="tc5" time="0.001" classname="org.test.Example"/>
</testsuite> <!-- Test2 -->
