<?xml version="1.0" encoding="UTF-8"?>
<!-- Generated by org.testng.reporters.JUnitXMLReporter -->
<testsuite hostname="LAPTOP-IE9OQOHI" name="Test" tests="12" failures="0" timestamp="16 Dec 2021 12:11:52 GMT" time="0.064" errors="0">
  <testcase name="test11" time="0.01" classname="org.test.ExampleTwo"/>
  <testcase name="test22" time="0.006" classname="org.test.ExampleTwo"/>
  <testcase name="test33" time="0.004" classname="org.test.ExampleTwo"/>
  <testcase name="test44" time="0.004" classname="org.test.ExampleTwo"/>
  <testcase name="tc111" time="0.001" classname="org.test.ExampleOne"/>
  <testcase name="tc222" time="0.001" classname="org.test.ExampleOne"/>
  <testcase name="tc333" time="0.001" classname="org.test.ExampleOne"/>
  <testcase name="tc1" time="0.001" classname="org.test.Example"/>
  <testcase name="tc2" time="0.001" classname="org.test.Example"/>
  <testcase name="tc3" time="0.0" classname="org.test.Example"/>
  <testcase name="tc4" time="0.001" classname="org.test.Example"/>
  <testcase name="tc5" time="0.002" classname="org.test.Example"/>
</testsuite> <!-- Test -->
